D:\anaconda\envs\AOD-LoRA\lib\site-packages\transformers\convert_slow_tokenizer.py:564: UserWarning: The sentencepiece tokenizer that you are converting to a fast tokenizer uses the byte fallback option which is not implemented in the fast tokenizers. In practice this means that the fast version of the tokenizer can produce unknown tokens whereas the sentencepiece version would have converted these unknown tokens into a sequence of byte tokens matching the original piece of text.
  warnings.warn(
Some weights of DebertaV2ForSequenceClassification were not initialized from the model checkpoint at E:/model/DeBERTa/DeBERTa_v3_base and are newly initialized: ['classifier.bias', 'classifier.weight', 'pooler.dense.bias', 'pooler.dense.weight']
You should probably TRAIN this model on a down-stream task to be able to use it for predictions and inference.
Total parameters to train: 75,266
Parameters in LoRA .R: 73,728
Parameters in classifier: 1,538
[Epoch 1] RTE Accuracy = 0.7220
[Epoch 2] RTE Accuracy = 0.7726
[Epoch 3] RTE Accuracy = 0.8375
[Epoch 4] RTE Accuracy = 0.8520
[Epoch 5] RTE Accuracy = 0.8556
[Epoch 6] RTE Accuracy = 0.8051
[Epoch 7] RTE Accuracy = 0.7870
[Epoch 8] RTE Accuracy = 0.8303
[Epoch 9] RTE Accuracy = 0.8412
[Epoch 10] RTE Accuracy = 0.8412
[Epoch 11] RTE Accuracy = 0.8520
[Epoch 12] RTE Accuracy = 0.8484
[Epoch 13] RTE Accuracy = 0.8484
[Epoch 14] RTE Accuracy = 0.8448
[Epoch 15] RTE Accuracy = 0.8736
[Epoch 16] RTE Accuracy = 0.8484
[Epoch 17] RTE Accuracy = 0.8375
[Epoch 18] RTE Accuracy = 0.8520
[Epoch 19] RTE Accuracy = 0.8484
[Epoch 20] RTE Accuracy = 0.8592
[Epoch 21] RTE Accuracy = 0.8448
[Epoch 22] RTE Accuracy = 0.8484
[Epoch 23] RTE Accuracy = 0.8556
[Epoch 24] RTE Accuracy = 0.8520
[Epoch 25] RTE Accuracy = 0.8556
