D:\anaconda\envs\AOD-LoRA\lib\site-packages\transformers\convert_slow_tokenizer.py:564: UserWarning: The sentencepiece tokenizer that you are converting to a fast tokenizer uses the byte fallback option which is not implemented in the fast tokenizers. In practice this means that the fast version of the tokenizer can produce unknown tokens whereas the sentencepiece version would have converted these unknown tokens into a sequence of byte tokens matching the original piece of text.
  warnings.warn(
Some weights of DebertaV2ForSequenceClassification were not initialized from the model checkpoint at E:/model/DeBERTa/DeBERTa_v3_base and are newly initialized: ['classifier.bias', 'classifier.weight', 'pooler.dense.bias', 'pooler.dense.weight']
You should probably TRAIN this model on a down-stream task to be able to use it for predictions and inference.
Total parameters to train: 74,497
Parameters in LoRA .R: 73,728
Parameters in classifier: 769
[Epoch 1] STS-B pearson = 0.8789 spearman = 0.8839 avg = 0.8814
[Epoch 2] STS-B pearson = 0.8943 spearman = 0.8996 avg = 0.8969
[Epoch 3] STS-B pearson = 0.9006 spearman = 0.9037 avg = 0.9021
[Epoch 4] STS-B pearson = 0.9105 spearman = 0.9103 avg = 0.9104
[Epoch 5] STS-B pearson = 0.9120 spearman = 0.9114 avg = 0.9117
[Epoch 6] STS-B pearson = 0.9155 spearman = 0.9148 avg = 0.9151
[Epoch 7] STS-B pearson = 0.9145 spearman = 0.9142 avg = 0.9143
[Epoch 8] STS-B pearson = 0.9164 spearman = 0.9150 avg = 0.9157
[Epoch 9] STS-B pearson = 0.9149 spearman = 0.9139 avg = 0.9144
[Epoch 10] STS-B pearson = 0.9155 spearman = 0.9151 avg = 0.9153
[Epoch 11] STS-B pearson = 0.9177 spearman = 0.9159 avg = 0.9168
[Epoch 12] STS-B pearson = 0.9178 spearman = 0.9161 avg = 0.9170
[Epoch 13] STS-B pearson = 0.9145 spearman = 0.9136 avg = 0.9140
[Epoch 14] STS-B pearson = 0.9174 spearman = 0.9159 avg = 0.9166
[Epoch 15] STS-B pearson = 0.9164 spearman = 0.9151 avg = 0.9157
[Epoch 16] STS-B pearson = 0.9154 spearman = 0.9140 avg = 0.9147
[Epoch 17] STS-B pearson = 0.9162 spearman = 0.9149 avg = 0.9156
[Epoch 18] STS-B pearson = 0.9157 spearman = 0.9148 avg = 0.9152
[Epoch 19] STS-B pearson = 0.9159 spearman = 0.9148 avg = 0.9154
[Epoch 20] STS-B pearson = 0.9166 spearman = 0.9152 avg = 0.9159
[Epoch 21] STS-B pearson = 0.9165 spearman = 0.9155 avg = 0.9160
[Epoch 22] STS-B pearson = 0.9163 spearman = 0.9151 avg = 0.9157
[Epoch 23] STS-B pearson = 0.9164 spearman = 0.9150 avg = 0.9157
[Epoch 24] STS-B pearson = 0.9162 spearman = 0.9150 avg = 0.9156
[Epoch 25] STS-B pearson = 0.9162 spearman = 0.9150 avg = 0.9156
