D:\anaconda\envs\AOD-LoRA\lib\site-packages\transformers\convert_slow_tokenizer.py:564: UserWarning: The sentencepiece tokenizer that you are converting to a fast tokenizer uses the byte fallback option which is not implemented in the fast tokenizers. In practice this means that the fast version of the tokenizer can produce unknown tokens whereas the sentencepiece version would have converted these unknown tokens into a sequence of byte tokens matching the original piece of text.
  warnings.warn(
Some weights of DebertaV2ForSequenceClassification were not initialized from the model checkpoint at E:/model/DeBERTa/DeBERTa_v3_base and are newly initialized: ['classifier.bias', 'classifier.weight', 'pooler.dense.bias', 'pooler.dense.weight']
You should probably TRAIN this model on a down-stream task to be able to use it for predictions and inference.
Total parameters to train: 74,497
Parameters in LoRA .R: 73,728
Parameters in classifier: 769
[Epoch 1] STS-B pearson = 0.8609 spearman = 0.8750 avg = 0.8679
[Epoch 2] STS-B pearson = 0.8851 spearman = 0.8917 avg = 0.8884
[Epoch 3] STS-B pearson = 0.8953 spearman = 0.9015 avg = 0.8984
[Epoch 4] STS-B pearson = 0.9005 spearman = 0.9058 avg = 0.9032
[Epoch 5] STS-B pearson = 0.9036 spearman = 0.9070 avg = 0.9053
[Epoch 6] STS-B pearson = 0.9089 spearman = 0.9095 avg = 0.9092
[Epoch 7] STS-B pearson = 0.9080 spearman = 0.9099 avg = 0.9089
[Epoch 8] STS-B pearson = 0.9118 spearman = 0.9115 avg = 0.9116
[Epoch 9] STS-B pearson = 0.9120 spearman = 0.9127 avg = 0.9123
[Epoch 10] STS-B pearson = 0.9163 spearman = 0.9150 avg = 0.9156
[Epoch 11] STS-B pearson = 0.9163 spearman = 0.9150 avg = 0.9156
[Epoch 12] STS-B pearson = 0.9146 spearman = 0.9134 avg = 0.9140
[Epoch 13] STS-B pearson = 0.9129 spearman = 0.9129 avg = 0.9129
[Epoch 14] STS-B pearson = 0.9150 spearman = 0.9135 avg = 0.9143
[Epoch 15] STS-B pearson = 0.9160 spearman = 0.9144 avg = 0.9152
[Epoch 16] STS-B pearson = 0.9150 spearman = 0.9132 avg = 0.9141
[Epoch 17] STS-B pearson = 0.9154 spearman = 0.9135 avg = 0.9144
[Epoch 18] STS-B pearson = 0.9139 spearman = 0.9133 avg = 0.9136
[Epoch 19] STS-B pearson = 0.9148 spearman = 0.9137 avg = 0.9143
[Epoch 20] STS-B pearson = 0.9149 spearman = 0.9136 avg = 0.9143
[Epoch 21] STS-B pearson = 0.9151 spearman = 0.9133 avg = 0.9142
[Epoch 22] STS-B pearson = 0.9154 spearman = 0.9137 avg = 0.9145
[Epoch 23] STS-B pearson = 0.9154 spearman = 0.9136 avg = 0.9145
[Epoch 24] STS-B pearson = 0.9154 spearman = 0.9137 avg = 0.9145
[Epoch 25] STS-B pearson = 0.9154 spearman = 0.9137 avg = 0.9145
