D:\anaconda\envs\AOD-LoRA\lib\site-packages\transformers\convert_slow_tokenizer.py:564: UserWarning: The sentencepiece tokenizer that you are converting to a fast tokenizer uses the byte fallback option which is not implemented in the fast tokenizers. In practice this means that the fast version of the tokenizer can produce unknown tokens whereas the sentencepiece version would have converted these unknown tokens into a sequence of byte tokens matching the original piece of text.
  warnings.warn(
Some weights of DebertaV2ForSequenceClassification were not initialized from the model checkpoint at E:/model/DeBERTa/DeBERTa_v3_base and are newly initialized: ['classifier.bias', 'classifier.weight', 'pooler.dense.bias', 'pooler.dense.weight']
You should probably TRAIN this model on a down-stream task to be able to use it for predictions and inference.
Total parameters to train: 74,497
Parameters in LoRA .R: 73,728
Parameters in classifier: 769
[Epoch 1] STS-B pearson = 0.8748 spearman = 0.8788 avg = 0.8768
[Epoch 2] STS-B pearson = 0.8958 spearman = 0.8989 avg = 0.8974
[Epoch 3] STS-B pearson = 0.9018 spearman = 0.9040 avg = 0.9029
[Epoch 4] STS-B pearson = 0.9048 spearman = 0.9060 avg = 0.9054
[Epoch 5] STS-B pearson = 0.9110 spearman = 0.9112 avg = 0.9111
[Epoch 6] STS-B pearson = 0.9094 spearman = 0.9105 avg = 0.9100
[Epoch 7] STS-B pearson = 0.9116 spearman = 0.9101 avg = 0.9108
[Epoch 8] STS-B pearson = 0.9144 spearman = 0.9131 avg = 0.9138
[Epoch 9] STS-B pearson = 0.9133 spearman = 0.9130 avg = 0.9132
[Epoch 10] STS-B pearson = 0.9146 spearman = 0.9147 avg = 0.9147
[Epoch 11] STS-B pearson = 0.9168 spearman = 0.9145 avg = 0.9156
[Epoch 12] STS-B pearson = 0.9154 spearman = 0.9159 avg = 0.9157
[Epoch 13] STS-B pearson = 0.9159 spearman = 0.9158 avg = 0.9159
[Epoch 14] STS-B pearson = 0.9170 spearman = 0.9161 avg = 0.9165
[Epoch 15] STS-B pearson = 0.9164 spearman = 0.9154 avg = 0.9159
[Epoch 16] STS-B pearson = 0.9160 spearman = 0.9145 avg = 0.9152
[Epoch 17] STS-B pearson = 0.9156 spearman = 0.9149 avg = 0.9152
[Epoch 18] STS-B pearson = 0.9168 spearman = 0.9150 avg = 0.9159
[Epoch 19] STS-B pearson = 0.9162 spearman = 0.9152 avg = 0.9157
[Epoch 20] STS-B pearson = 0.9168 spearman = 0.9154 avg = 0.9161
[Epoch 21] STS-B pearson = 0.9160 spearman = 0.9155 avg = 0.9157
[Epoch 22] STS-B pearson = 0.9167 spearman = 0.9154 avg = 0.9160
[Epoch 23] STS-B pearson = 0.9167 spearman = 0.9153 avg = 0.9160
[Epoch 24] STS-B pearson = 0.9166 spearman = 0.9154 avg = 0.9160
[Epoch 25] STS-B pearson = 0.9166 spearman = 0.9154 avg = 0.9160
