D:\anaconda\envs\AOD-LoRA\lib\site-packages\transformers\convert_slow_tokenizer.py:564: UserWarning: The sentencepiece tokenizer that you are converting to a fast tokenizer uses the byte fallback option which is not implemented in the fast tokenizers. In practice this means that the fast version of the tokenizer can produce unknown tokens whereas the sentencepiece version would have converted these unknown tokens into a sequence of byte tokens matching the original piece of text.
  warnings.warn(
Some weights of DebertaV2ForSequenceClassification were not initialized from the model checkpoint at E:/model/DeBERTa/DeBERTa_v3_base and are newly initialized: ['classifier.bias', 'classifier.weight', 'pooler.dense.bias', 'pooler.dense.weight']
You should probably TRAIN this model on a down-stream task to be able to use it for predictions and inference.
Total parameters to train: 74,497
Parameters in LoRA .R: 73,728
Parameters in classifier: 769
[Epoch 1] STS-B pearson = 0.8583 spearman = 0.8629 avg = 0.8606
[Epoch 2] STS-B pearson = 0.8800 spearman = 0.8812 avg = 0.8806
[Epoch 3] STS-B pearson = 0.8970 spearman = 0.8981 avg = 0.8976
[Epoch 4] STS-B pearson = 0.9056 spearman = 0.9062 avg = 0.9059
[Epoch 5] STS-B pearson = 0.9095 spearman = 0.9091 avg = 0.9093
[Epoch 6] STS-B pearson = 0.9124 spearman = 0.9118 avg = 0.9121
[Epoch 7] STS-B pearson = 0.9121 spearman = 0.9128 avg = 0.9124
[Epoch 8] STS-B pearson = 0.9102 spearman = 0.9095 avg = 0.9099
[Epoch 9] STS-B pearson = 0.9130 spearman = 0.9120 avg = 0.9125
[Epoch 10] STS-B pearson = 0.9118 spearman = 0.9110 avg = 0.9114
[Epoch 11] STS-B pearson = 0.9155 spearman = 0.9156 avg = 0.9155
[Epoch 12] STS-B pearson = 0.9152 spearman = 0.9142 avg = 0.9147
[Epoch 13] STS-B pearson = 0.9136 spearman = 0.9128 avg = 0.9132
[Epoch 14] STS-B pearson = 0.9132 spearman = 0.9126 avg = 0.9129
[Epoch 15] STS-B pearson = 0.9134 spearman = 0.9127 avg = 0.9130
[Epoch 16] STS-B pearson = 0.9148 spearman = 0.9138 avg = 0.9143
[Epoch 17] STS-B pearson = 0.9154 spearman = 0.9140 avg = 0.9147
[Epoch 18] STS-B pearson = 0.9156 spearman = 0.9137 avg = 0.9147
[Epoch 19] STS-B pearson = 0.9151 spearman = 0.9132 avg = 0.9142
[Epoch 20] STS-B pearson = 0.9141 spearman = 0.9126 avg = 0.9134
[Epoch 21] STS-B pearson = 0.9153 spearman = 0.9138 avg = 0.9146
[Epoch 22] STS-B pearson = 0.9152 spearman = 0.9137 avg = 0.9145
[Epoch 23] STS-B pearson = 0.9150 spearman = 0.9134 avg = 0.9142
[Epoch 24] STS-B pearson = 0.9150 spearman = 0.9135 avg = 0.9143
[Epoch 25] STS-B pearson = 0.9150 spearman = 0.9135 avg = 0.9143
